build/app/intermediates/manifest_merge_blame_file/release/manifest-merger-blame-release-report.txt
1<?xml version="1.0" encoding="utf-8"?>
2<manifest xmlns:android="http://schemas.android.com/apk/res/android"
3    package="vn.newwave.flutter_app"
4    android:versionCode="1"
5    android:versionName="1.0.0" >
6
7    <uses-sdk
8        android:minSdkVersion="18"
8-->src/main/AndroidManifest.xml
9        android:targetSdkVersion="31" />
9-->src/main/AndroidManifest.xml
10
11    <uses-permission android:name="android.permission.INTERNET" />
11-->[com.google.firebase:firebase-auth:21.0.7] AndroidManifest.xml:23:5-67
11-->[com.google.firebase:firebase-auth:21.0.7] AndroidManifest.xml:23:22-64
12    <uses-permission android:name="android.permission.ACCESS_NETWORK_STATE" />
12-->[com.google.firebase:firebase-auth:21.0.7] AndroidManifest.xml:24:5-79
12-->[com.google.firebase:firebase-auth:21.0.7] AndroidManifest.xml:24:22-76
13
14    <application
14-->src/main/AndroidManifest.xml:3:4-40:19
15        android:name="androidx.multidex.MultiDexApplication"
16        android:appComponentFactory="androidx.core.app.CoreComponentFactory"
16-->[androidx.core:core:1.6.0] AndroidManifest.xml:24:18-86
17        android:icon="@mipmap/ic_launcher"
17-->src/main/AndroidManifest.xml:5:9-43
18        android:label="Newwave Solution JSC" >
18-->src/main/AndroidManifest.xml:4:9-45
19        <activity
19-->src/main/AndroidManifest.xml:6:9-34:20
20            android:name="vn.newwave.flutter_app.MainActivity"
20-->src/main/AndroidManifest.xml:7:13-41
21            android:configChanges="orientation|keyboardHidden|keyboard|screenSize|smallestScreenSize|locale|layoutDirection|fontScale|screenLayout|density|uiMode"
21-->src/main/AndroidManifest.xml:10:13-163
22            android:hardwareAccelerated="true"
22-->src/main/AndroidManifest.xml:11:13-47
23            android:launchMode="singleTop"
23-->src/main/AndroidManifest.xml:8:13-43
24            android:theme="@style/LaunchTheme"
24-->src/main/AndroidManifest.xml:9:13-47
25            android:windowSoftInputMode="adjustResize" >
25-->src/main/AndroidManifest.xml:12:13-55
26
27            <!--
28                 Specifies an Android theme to apply to this Activity as soon as
29                 the Android process has started. This theme is visible to the user
30                 while the Flutter UI initializes. After that, this theme continues
31                 to determine the Window background behind the Flutter UI.
32            -->
33            <meta-data
33-->src/main/AndroidManifest.xml:17:13-20:17
34                android:name="io.flutter.embedding.android.NormalTheme"
34-->src/main/AndroidManifest.xml:18:15-70
35                android:resource="@style/NormalTheme" />
35-->src/main/AndroidManifest.xml:19:15-52
36            <!--
37                 Displays an Android View that continues showing the launch screen
38                 Drawable until Flutter paints its first frame, then this splash
39                 screen fades out. A splash screen is useful to avoid any visual
40                 gap between the end of Android's launch screen and the painting of
41                 Flutter's first frame.
42            -->
43            <meta-data
43-->src/main/AndroidManifest.xml:26:13-29:17
44                android:name="io.flutter.embedding.android.SplashScreenDrawable"
44-->src/main/AndroidManifest.xml:27:15-79
45                android:resource="@drawable/launch_background" />
45-->src/main/AndroidManifest.xml:28:15-61
46
47            <intent-filter>
47-->src/main/AndroidManifest.xml:30:13-33:29
48                <action android:name="android.intent.action.MAIN" />
48-->src/main/AndroidManifest.xml:31:17-68
48-->src/main/AndroidManifest.xml:31:25-66
49
50                <category android:name="android.intent.category.LAUNCHER" />
50-->src/main/AndroidManifest.xml:32:17-76
50-->src/main/AndroidManifest.xml:32:27-74
51            </intent-filter>
52        </activity>
53        <!--
54             Don't delete the meta-data below.
55             This is used by the Flutter tool to generate GeneratedPluginRegistrant.java
56        -->
57        <meta-data
57-->src/main/AndroidManifest.xml:37:9-39:33
58            android:name="flutterEmbedding"
58-->src/main/AndroidManifest.xml:38:13-44
59            android:value="2" />
59-->src/main/AndroidManifest.xml:39:13-30
60
61        <service
61-->[:firebase_auth] AndroidManifest.xml:8:9-12:19
62            android:name="com.google.firebase.components.ComponentDiscoveryService"
62-->[:firebase_auth] AndroidManifest.xml:8:18-89
63            android:directBootAware="true"
63-->[com.google.firebase:firebase-common:20.1.1] AndroidManifest.xml:35:13-43
64            android:exported="false" >
64-->[com.google.firebase:firebase-auth:21.0.7] AndroidManifest.xml:66:13-37
65            <meta-data
65-->[:firebase_auth] AndroidManifest.xml:9:13-11:85
66                android:name="com.google.firebase.components:io.flutter.plugins.firebase.auth.FlutterFirebaseAuthRegistrar"
66-->[:firebase_auth] AndroidManifest.xml:10:17-124
67                android:value="com.google.firebase.components.ComponentRegistrar" />
67-->[:firebase_auth] AndroidManifest.xml:11:17-82
68            <meta-data
68-->[:firebase_core] AndroidManifest.xml:9:13-11:85
69                android:name="com.google.firebase.components:io.flutter.plugins.firebase.core.FlutterFirebaseCoreRegistrar"
69-->[:firebase_core] AndroidManifest.xml:10:17-124
70                android:value="com.google.firebase.components.ComponentRegistrar" />
70-->[:firebase_core] AndroidManifest.xml:11:17-82
71            <meta-data
71-->[com.google.firebase:firebase-auth:21.0.7] AndroidManifest.xml:67:13-69:85
72                android:name="com.google.firebase.components:com.google.firebase.auth.FirebaseAuthRegistrar"
72-->[com.google.firebase:firebase-auth:21.0.7] AndroidManifest.xml:68:17-109
73                android:value="com.google.firebase.components.ComponentRegistrar" />
73-->[com.google.firebase:firebase-auth:21.0.7] AndroidManifest.xml:69:17-82
74        </service>
75
76        <uses-library
76-->[androidx.window:window:1.0.0-beta04] AndroidManifest.xml:25:9-27:40
77            android:name="androidx.window.extensions"
77-->[androidx.window:window:1.0.0-beta04] AndroidManifest.xml:26:13-54
78            android:required="false" />
78-->[androidx.window:window:1.0.0-beta04] AndroidManifest.xml:27:13-37
79        <uses-library
79-->[androidx.window:window:1.0.0-beta04] AndroidManifest.xml:28:9-30:40
80            android:name="androidx.window.sidecar"
80-->[androidx.window:window:1.0.0-beta04] AndroidManifest.xml:29:13-51
81            android:required="false" />
81-->[androidx.window:window:1.0.0-beta04] AndroidManifest.xml:30:13-37
82
83        <activity
83-->[com.google.firebase:firebase-auth:21.0.7] AndroidManifest.xml:27:9-44:20
84            android:name="com.google.firebase.auth.internal.GenericIdpActivity"
84-->[com.google.firebase:firebase-auth:21.0.7] AndroidManifest.xml:28:13-80
85            android:excludeFromRecents="true"
85-->[com.google.firebase:firebase-auth:21.0.7] AndroidManifest.xml:29:13-46
86            android:exported="true"
86-->[com.google.firebase:firebase-auth:21.0.7] AndroidManifest.xml:30:13-36
87            android:launchMode="singleTask"
87-->[com.google.firebase:firebase-auth:21.0.7] AndroidManifest.xml:31:13-44
88            android:theme="@android:style/Theme.Translucent.NoTitleBar" >
88-->[com.google.firebase:firebase-auth:21.0.7] AndroidManifest.xml:32:13-72
89            <intent-filter>
89-->[com.google.firebase:firebase-auth:21.0.7] AndroidManifest.xml:33:13-43:29
90                <action android:name="android.intent.action.VIEW" />
90-->[com.google.firebase:firebase-auth:21.0.7] AndroidManifest.xml:34:17-69
90-->[com.google.firebase:firebase-auth:21.0.7] AndroidManifest.xml:34:25-66
91
92                <category android:name="android.intent.category.DEFAULT" />
92-->[com.google.firebase:firebase-auth:21.0.7] AndroidManifest.xml:36:17-76
92-->[com.google.firebase:firebase-auth:21.0.7] AndroidManifest.xml:36:27-73
93                <category android:name="android.intent.category.BROWSABLE" />
93-->[com.google.firebase:firebase-auth:21.0.7] AndroidManifest.xml:37:17-78
93-->[com.google.firebase:firebase-auth:21.0.7] AndroidManifest.xml:37:27-75
94
95                <data
95-->[com.google.firebase:firebase-auth:21.0.7] AndroidManifest.xml:39:17-42:51
96                    android:host="firebase.auth"
96-->[com.google.firebase:firebase-auth:21.0.7] AndroidManifest.xml:40:21-49
97                    android:path="/"
97-->[com.google.firebase:firebase-auth:21.0.7] AndroidManifest.xml:41:21-37
98                    android:scheme="genericidp" />
98-->[com.google.firebase:firebase-auth:21.0.7] AndroidManifest.xml:42:21-48
99            </intent-filter>
100        </activity>
101        <activity
101-->[com.google.firebase:firebase-auth:21.0.7] AndroidManifest.xml:45:9-62:20
102            android:name="com.google.firebase.auth.internal.RecaptchaActivity"
102-->[com.google.firebase:firebase-auth:21.0.7] AndroidManifest.xml:46:13-79
103            android:excludeFromRecents="true"
103-->[com.google.firebase:firebase-auth:21.0.7] AndroidManifest.xml:47:13-46
104            android:exported="true"
104-->[com.google.firebase:firebase-auth:21.0.7] AndroidManifest.xml:48:13-36
105            android:launchMode="singleTask"
105-->[com.google.firebase:firebase-auth:21.0.7] AndroidManifest.xml:49:13-44
106            android:theme="@android:style/Theme.Translucent.NoTitleBar" >
106-->[com.google.firebase:firebase-auth:21.0.7] AndroidManifest.xml:50:13-72
107            <intent-filter>
107-->[com.google.firebase:firebase-auth:21.0.7] AndroidManifest.xml:51:13-61:29
108                <action android:name="android.intent.action.VIEW" />
108-->[com.google.firebase:firebase-auth:21.0.7] AndroidManifest.xml:34:17-69
108-->[com.google.firebase:firebase-auth:21.0.7] AndroidManifest.xml:34:25-66
109
110                <category android:name="android.intent.category.DEFAULT" />
110-->[com.google.firebase:firebase-auth:21.0.7] AndroidManifest.xml:36:17-76
110-->[com.google.firebase:firebase-auth:21.0.7] AndroidManifest.xml:36:27-73
111                <category android:name="android.intent.category.BROWSABLE" />
111-->[com.google.firebase:firebase-auth:21.0.7] AndroidManifest.xml:37:17-78
111-->[com.google.firebase:firebase-auth:21.0.7] AndroidManifest.xml:37:27-75
112
113                <data
113-->[com.google.firebase:firebase-auth:21.0.7] AndroidManifest.xml:39:17-42:51
114                    android:host="firebase.auth"
114-->[com.google.firebase:firebase-auth:21.0.7] AndroidManifest.xml:40:21-49
115                    android:path="/"
115-->[com.google.firebase:firebase-auth:21.0.7] AndroidManifest.xml:41:21-37
116                    android:scheme="recaptcha" />
116-->[com.google.firebase:firebase-auth:21.0.7] AndroidManifest.xml:42:21-48
117            </intent-filter>
118        </activity>
119
120        <provider
120-->[com.google.firebase:firebase-common:20.1.1] AndroidManifest.xml:26:9-31:39
121            android:name="com.google.firebase.provider.FirebaseInitProvider"
121-->[com.google.firebase:firebase-common:20.1.1] AndroidManifest.xml:27:13-77
122            android:authorities="vn.newwave.flutter_app.firebaseinitprovider"
122-->[com.google.firebase:firebase-common:20.1.1] AndroidManifest.xml:28:13-72
123            android:directBootAware="true"
123-->[com.google.firebase:firebase-common:20.1.1] AndroidManifest.xml:29:13-43
124            android:exported="false"
124-->[com.google.firebase:firebase-common:20.1.1] AndroidManifest.xml:30:13-37
125            android:initOrder="100" />
125-->[com.google.firebase:firebase-common:20.1.1] AndroidManifest.xml:31:13-36
126
127        <activity
127-->[com.google.android.gms:play-services-base:17.1.0] AndroidManifest.xml:23:9-26:75
128            android:name="com.google.android.gms.common.api.GoogleApiActivity"
128-->[com.google.android.gms:play-services-base:17.1.0] AndroidManifest.xml:24:13-79
129            android:exported="false"
129-->[com.google.android.gms:play-services-base:17.1.0] AndroidManifest.xml:25:13-37
130            android:theme="@android:style/Theme.Translucent.NoTitleBar" />
130-->[com.google.android.gms:play-services-base:17.1.0] AndroidManifest.xml:26:13-72
131
132        <meta-data
132-->[com.google.android.gms:play-services-basement:18.0.0] AndroidManifest.xml:21:9-23:69
133            android:name="com.google.android.gms.version"
133-->[com.google.android.gms:play-services-basement:18.0.0] AndroidManifest.xml:22:13-58
134            android:value="@integer/google_play_services_version" />
134-->[com.google.android.gms:play-services-basement:18.0.0] AndroidManifest.xml:23:13-66
135    </application>
136
137</manifest>